2019-04-15 09:27:55,369 INFO 16361 [egg:logger] init all loggers with options: {"dir":"/vagrant_data/nodeworks/egg-ifram_1/logs/ifram","encoding":"utf8","env":"local","level":"INFO","consoleLevel":"INFO","disableConsoleAfterReady":false,"outputJSON":false,"buffer":true,"appLogName":"ifram-web.log","coreLogName":"egg-web.log","agentLogName":"egg-agent.log","errorLogName":"common-error.log","coreLogger":{"consoleLevel":"WARN"},"allowDebugAtProd":false,"type":"application"}
2019-04-15 09:27:55,451 INFO 16361 [egg-multipart] stream mode enable
2019-04-15 09:27:55,859 INFO 16361 [egg-redis] server connecting redis://:***@127.0.0.1:6379/0
2019-04-15 09:27:57,273 INFO 16361 [egg-static] starting static serve / -> /vagrant_data/nodeworks/egg-ifram_1/app/public
2019-04-15 09:27:57,284 INFO 16361 [egg-security] use csrf middleware
2019-04-15 09:27:57,291 INFO 16361 [egg-security] use methodnoallow middleware
2019-04-15 09:27:57,293 INFO 16361 [egg-security] use noopen middleware
2019-04-15 09:27:57,299 INFO 16361 [egg-security] use nosniff middleware
2019-04-15 09:27:57,302 INFO 16361 [egg-security] use xssProtection middleware
2019-04-15 09:27:57,304 INFO 16361 [egg-security] use xframe middleware
2019-04-15 09:27:57,307 INFO 16361 [egg-security] use dta middleware
2019-04-15 09:27:57,307 INFO 16361 [egg-security] compose 7 middlewares into one security middleware
2019-04-15 09:27:57,413 INFO 16361 [egg:core] dump config after load, 9ms
2019-04-15 09:27:57,435 INFO 16361 [egg-redis] client connect success
2019-04-15 09:27:57,473 INFO 16361 [egg-watcher:application] watcher start success
2019-04-15 09:27:57,508 INFO 16361 [egg-redis] instance[0] status OK, redis server currentTime: Mon Apr 15 2019 09:27:57 GMT+0100 (British Summer Time)
2019-04-15 09:27:57,548 INFO 16361 [egg:core] dump config after ready, 12ms
2019-04-15 09:28:09,391 INFO 16361 [egg-view-nunjucks] loading templates from ["/vagrant_data/nodeworks/egg-ifram_1/app/view"]
2019-04-15 09:40:33,861 INFO 16493 [egg:logger] init all loggers with options: {"dir":"/vagrant_data/nodeworks/egg-ifram_1/logs/ifram","encoding":"utf8","env":"local","level":"INFO","consoleLevel":"INFO","disableConsoleAfterReady":false,"outputJSON":false,"buffer":true,"appLogName":"ifram-web.log","coreLogName":"egg-web.log","agentLogName":"egg-agent.log","errorLogName":"common-error.log","coreLogger":{"consoleLevel":"WARN"},"allowDebugAtProd":false,"type":"application"}
2019-04-15 09:40:33,940 INFO 16493 [egg-multipart] stream mode enable
2019-04-15 09:40:34,342 INFO 16493 [egg-redis] server connecting redis://:***@127.0.0.1:6379/0
2019-04-15 09:40:35,766 INFO 16493 [egg-static] starting static serve / -> /vagrant_data/nodeworks/egg-ifram_1/app/public
2019-04-15 09:40:35,776 INFO 16493 [egg-security] use csrf middleware
2019-04-15 09:40:35,782 INFO 16493 [egg-security] use methodnoallow middleware
2019-04-15 09:40:35,784 INFO 16493 [egg-security] use noopen middleware
2019-04-15 09:40:35,789 INFO 16493 [egg-security] use nosniff middleware
2019-04-15 09:40:35,791 INFO 16493 [egg-security] use xssProtection middleware
2019-04-15 09:40:35,793 INFO 16493 [egg-security] use xframe middleware
2019-04-15 09:40:35,795 INFO 16493 [egg-security] use dta middleware
2019-04-15 09:40:35,795 INFO 16493 [egg-security] compose 7 middlewares into one security middleware
2019-04-15 09:40:35,891 INFO 16493 [egg:core] dump config after load, 9ms
2019-04-15 09:40:35,918 INFO 16493 [egg-redis] client connect success
2019-04-15 09:40:35,935 INFO 16493 [egg-watcher:application] watcher start success
2019-04-15 09:40:35,948 INFO 16493 [egg-redis] instance[0] status OK, redis server currentTime: Mon Apr 15 2019 09:40:35 GMT+0100 (British Summer Time)
2019-04-15 09:40:35,978 INFO 16493 [egg:core] dump config after ready, 11ms
2019-04-15 09:40:36,289 INFO 16493 [egg-view-nunjucks] loading templates from ["/vagrant_data/nodeworks/egg-ifram_1/app/view"]
2019-04-15 09:43:10,916 INFO 16582 [egg:logger] init all loggers with options: {"dir":"/vagrant_data/nodeworks/egg-ifram_1/logs/ifram","encoding":"utf8","env":"local","level":"INFO","consoleLevel":"INFO","disableConsoleAfterReady":false,"outputJSON":false,"buffer":true,"appLogName":"ifram-web.log","coreLogName":"egg-web.log","agentLogName":"egg-agent.log","errorLogName":"common-error.log","coreLogger":{"consoleLevel":"WARN"},"allowDebugAtProd":false,"type":"application"}
2019-04-15 09:43:11,005 INFO 16582 [egg-multipart] stream mode enable
2019-04-15 09:43:11,405 INFO 16582 [egg-redis] server connecting redis://:***@127.0.0.1:6379/0
2019-04-15 09:43:12,833 INFO 16582 [egg-static] starting static serve / -> /vagrant_data/nodeworks/egg-ifram_1/app/public
2019-04-15 09:43:12,844 INFO 16582 [egg-security] use csrf middleware
2019-04-15 09:43:12,851 INFO 16582 [egg-security] use methodnoallow middleware
2019-04-15 09:43:12,853 INFO 16582 [egg-security] use noopen middleware
2019-04-15 09:43:12,859 INFO 16582 [egg-security] use nosniff middleware
2019-04-15 09:43:12,860 INFO 16582 [egg-security] use xssProtection middleware
2019-04-15 09:43:12,862 INFO 16582 [egg-security] use xframe middleware
2019-04-15 09:43:12,865 INFO 16582 [egg-security] use dta middleware
2019-04-15 09:43:12,865 INFO 16582 [egg-security] compose 7 middlewares into one security middleware
2019-04-15 09:43:12,963 INFO 16582 [egg:core] dump config after load, 8ms
2019-04-15 09:43:12,990 INFO 16582 [egg-redis] client connect success
2019-04-15 09:43:13,020 INFO 16582 [egg-watcher:application] watcher start success
2019-04-15 09:43:13,023 INFO 16582 [egg-redis] instance[0] status OK, redis server currentTime: Mon Apr 15 2019 09:43:13 GMT+0100 (British Summer Time)
2019-04-15 09:43:13,064 INFO 16582 [egg:core] dump config after ready, 11ms
2019-04-15 09:43:16,351 INFO 16582 [egg-view-nunjucks] loading templates from ["/vagrant_data/nodeworks/egg-ifram_1/app/view"]
2019-04-15 09:45:29,801 INFO 16671 [egg:logger] init all loggers with options: {"dir":"/vagrant_data/nodeworks/egg-ifram_1/logs/ifram","encoding":"utf8","env":"local","level":"INFO","consoleLevel":"INFO","disableConsoleAfterReady":false,"outputJSON":false,"buffer":true,"appLogName":"ifram-web.log","coreLogName":"egg-web.log","agentLogName":"egg-agent.log","errorLogName":"common-error.log","coreLogger":{"consoleLevel":"WARN"},"allowDebugAtProd":false,"type":"application"}
2019-04-15 09:45:29,888 INFO 16671 [egg-multipart] stream mode enable
2019-04-15 09:45:30,246 INFO 16671 [egg-redis] server connecting redis://:***@127.0.0.1:6379/0
2019-04-15 09:45:31,594 INFO 16671 [egg-static] starting static serve / -> /vagrant_data/nodeworks/egg-ifram_1/app/public
2019-04-15 09:45:31,604 INFO 16671 [egg-security] use csrf middleware
2019-04-15 09:45:31,610 INFO 16671 [egg-security] use methodnoallow middleware
2019-04-15 09:45:31,611 INFO 16671 [egg-security] use noopen middleware
2019-04-15 09:45:31,618 INFO 16671 [egg-security] use nosniff middleware
2019-04-15 09:45:31,620 INFO 16671 [egg-security] use xssProtection middleware
2019-04-15 09:45:31,622 INFO 16671 [egg-security] use xframe middleware
2019-04-15 09:45:31,624 INFO 16671 [egg-security] use dta middleware
2019-04-15 09:45:31,624 INFO 16671 [egg-security] compose 7 middlewares into one security middleware
2019-04-15 09:45:31,721 INFO 16671 [egg:core] dump config after load, 8ms
2019-04-15 09:45:31,751 INFO 16671 [egg-redis] client connect success
2019-04-15 09:45:31,768 INFO 16671 [egg-watcher:application] watcher start success
2019-04-15 09:45:31,779 INFO 16671 [egg-redis] instance[0] status OK, redis server currentTime: Mon Apr 15 2019 09:45:31 GMT+0100 (British Summer Time)
2019-04-15 09:45:31,816 INFO 16671 [egg:core] dump config after ready, 14ms
2019-04-15 09:45:34,890 INFO 16671 [egg-view-nunjucks] loading templates from ["/vagrant_data/nodeworks/egg-ifram_1/app/view"]
2019-04-15 10:04:55,096 INFO 16850 [egg:logger] init all loggers with options: {"dir":"/vagrant_data/nodeworks/egg-ifram_1/logs/ifram","encoding":"utf8","env":"local","level":"INFO","consoleLevel":"INFO","disableConsoleAfterReady":false,"outputJSON":false,"buffer":true,"appLogName":"ifram-web.log","coreLogName":"egg-web.log","agentLogName":"egg-agent.log","errorLogName":"common-error.log","coreLogger":{"consoleLevel":"WARN"},"allowDebugAtProd":false,"type":"application"}
2019-04-15 10:04:55,176 INFO 16850 [egg-multipart] stream mode enable
2019-04-15 10:04:55,576 INFO 16850 [egg-redis] server connecting redis://:***@127.0.0.1:6379/0
2019-04-15 10:04:57,197 INFO 16850 [egg-static] starting static serve / -> /vagrant_data/nodeworks/egg-ifram_1/app/public
2019-04-15 10:04:57,208 INFO 16850 [egg-security] use csrf middleware
2019-04-15 10:04:57,214 INFO 16850 [egg-security] use methodnoallow middleware
2019-04-15 10:04:57,217 INFO 16850 [egg-security] use noopen middleware
2019-04-15 10:04:57,222 INFO 16850 [egg-security] use nosniff middleware
2019-04-15 10:04:57,224 INFO 16850 [egg-security] use xssProtection middleware
2019-04-15 10:04:57,226 INFO 16850 [egg-security] use xframe middleware
2019-04-15 10:04:57,228 INFO 16850 [egg-security] use dta middleware
2019-04-15 10:04:57,228 INFO 16850 [egg-security] compose 7 middlewares into one security middleware
2019-04-15 10:04:57,326 INFO 16850 [egg:core] dump config after load, 8ms
2019-04-15 10:04:57,354 INFO 16850 [egg-redis] client connect success
2019-04-15 10:04:57,372 INFO 16850 [egg-watcher:application] watcher start success
2019-04-15 10:04:57,372 INFO 16850 [egg-redis] instance[0] status OK, redis server currentTime: Mon Apr 15 2019 10:04:57 GMT+0100 (British Summer Time)
2019-04-15 10:04:57,414 INFO 16850 [egg:core] dump config after ready, 12ms
2019-04-15 10:06:04,153 INFO 16850 [egg-view-nunjucks] loading templates from ["/vagrant_data/nodeworks/egg-ifram_1/app/view"]
2019-04-15 10:07:34,522 INFO 16939 [egg:logger] init all loggers with options: {"dir":"/vagrant_data/nodeworks/egg-ifram_1/logs/ifram","encoding":"utf8","env":"local","level":"INFO","consoleLevel":"INFO","disableConsoleAfterReady":false,"outputJSON":false,"buffer":true,"appLogName":"ifram-web.log","coreLogName":"egg-web.log","agentLogName":"egg-agent.log","errorLogName":"common-error.log","coreLogger":{"consoleLevel":"WARN"},"allowDebugAtProd":false,"type":"application"}
2019-04-15 10:07:34,604 INFO 16939 [egg-multipart] stream mode enable
2019-04-15 10:07:34,969 INFO 16939 [egg-redis] server connecting redis://:***@127.0.0.1:6379/0
2019-04-15 10:07:36,447 INFO 16939 [egg-static] starting static serve / -> /vagrant_data/nodeworks/egg-ifram_1/app/public
2019-04-15 10:07:36,457 INFO 16939 [egg-security] use csrf middleware
2019-04-15 10:07:36,463 INFO 16939 [egg-security] use methodnoallow middleware
2019-04-15 10:07:36,465 INFO 16939 [egg-security] use noopen middleware
2019-04-15 10:07:36,471 INFO 16939 [egg-security] use nosniff middleware
2019-04-15 10:07:36,472 INFO 16939 [egg-security] use xssProtection middleware
2019-04-15 10:07:36,474 INFO 16939 [egg-security] use xframe middleware
2019-04-15 10:07:36,476 INFO 16939 [egg-security] use dta middleware
2019-04-15 10:07:36,476 INFO 16939 [egg-security] compose 7 middlewares into one security middleware
2019-04-15 10:07:36,572 INFO 16939 [egg:core] dump config after load, 8ms
2019-04-15 10:07:36,592 INFO 16939 [egg-redis] client connect success
2019-04-15 10:07:36,619 INFO 16939 [egg-watcher:application] watcher start success
2019-04-15 10:07:36,632 INFO 16939 [egg-redis] instance[0] status OK, redis server currentTime: Mon Apr 15 2019 10:07:36 GMT+0100 (British Summer Time)
2019-04-15 10:07:36,664 INFO 16939 [egg:core] dump config after ready, 12ms
2019-04-15 10:07:40,431 INFO 16939 [egg-view-nunjucks] loading templates from ["/vagrant_data/nodeworks/egg-ifram_1/app/view"]
2019-04-15 10:38:00,195 INFO 17216 [egg:logger] init all loggers with options: {"dir":"/vagrant_data/nodeworks/egg-ifram_1/logs/ifram","encoding":"utf8","env":"local","level":"INFO","consoleLevel":"INFO","disableConsoleAfterReady":false,"outputJSON":false,"buffer":true,"appLogName":"ifram-web.log","coreLogName":"egg-web.log","agentLogName":"egg-agent.log","errorLogName":"common-error.log","coreLogger":{"consoleLevel":"WARN"},"allowDebugAtProd":false,"type":"application"}
2019-04-15 10:38:00,276 INFO 17216 [egg-multipart] stream mode enable
2019-04-15 10:38:00,641 INFO 17216 [egg-redis] server connecting redis://:***@127.0.0.1:6379/0
2019-04-15 10:38:02,187 INFO 17216 [egg-static] starting static serve / -> /vagrant_data/nodeworks/egg-ifram_1/app/public
2019-04-15 10:38:02,198 INFO 17216 [egg-security] use csrf middleware
2019-04-15 10:38:02,205 INFO 17216 [egg-security] use methodnoallow middleware
2019-04-15 10:38:02,210 INFO 17216 [egg-security] use noopen middleware
2019-04-15 10:38:02,217 INFO 17216 [egg-security] use nosniff middleware
2019-04-15 10:38:02,219 INFO 17216 [egg-security] use xssProtection middleware
2019-04-15 10:38:02,221 INFO 17216 [egg-security] use xframe middleware
2019-04-15 10:38:02,223 INFO 17216 [egg-security] use dta middleware
2019-04-15 10:38:02,223 INFO 17216 [egg-security] compose 7 middlewares into one security middleware
2019-04-15 10:38:02,329 INFO 17216 [egg:core] dump config after load, 9ms
2019-04-15 10:38:02,359 INFO 17216 [egg-redis] client connect success
2019-04-15 10:38:02,376 INFO 17216 [egg-watcher:application] watcher start success
2019-04-15 10:38:02,376 INFO 17216 [egg-redis] instance[0] status OK, redis server currentTime: Mon Apr 15 2019 10:38:02 GMT+0100 (British Summer Time)
2019-04-15 10:38:02,428 INFO 17216 [egg:core] dump config after ready, 12ms
2019-04-15 10:48:13,666 INFO 8258 [egg:logger] init all loggers with options: {"dir":"/vagrant_data/nodeworks/egg-ifram_1/logs/ifram","encoding":"utf8","env":"local","level":"INFO","consoleLevel":"INFO","disableConsoleAfterReady":false,"outputJSON":false,"buffer":true,"appLogName":"ifram-web.log","coreLogName":"egg-web.log","agentLogName":"egg-agent.log","errorLogName":"common-error.log","coreLogger":{"consoleLevel":"WARN"},"allowDebugAtProd":false,"type":"application"}
2019-04-15 10:48:13,761 INFO 8258 [egg-multipart] stream mode enable
2019-04-15 10:48:14,131 INFO 8258 [egg-redis] server connecting redis://:***@127.0.0.1:6379/0
2019-04-15 10:48:15,616 INFO 8258 [egg-static] starting static serve / -> /vagrant_data/nodeworks/egg-ifram_1/app/public
2019-04-15 10:48:15,627 INFO 8258 [egg-security] use csrf middleware
2019-04-15 10:48:15,632 INFO 8258 [egg-security] use methodnoallow middleware
2019-04-15 10:48:15,635 INFO 8258 [egg-security] use noopen middleware
2019-04-15 10:48:15,641 INFO 8258 [egg-security] use nosniff middleware
2019-04-15 10:48:15,643 INFO 8258 [egg-security] use xssProtection middleware
2019-04-15 10:48:15,645 INFO 8258 [egg-security] use xframe middleware
2019-04-15 10:48:15,647 INFO 8258 [egg-security] use dta middleware
2019-04-15 10:48:15,647 INFO 8258 [egg-security] compose 7 middlewares into one security middleware
2019-04-15 10:48:15,756 INFO 8258 [egg:core] dump config after load, 11ms
2019-04-15 10:48:15,782 ERROR 8258 [egg-redis] client error: Error: connect ECONNREFUSED 127.0.0.1:6379
2019-04-15 10:48:15,783 ERROR 8258 nodejs.ECONNREFUSEDError: connect ECONNREFUSED 127.0.0.1:6379
    at TCPConnectWrap.afterConnect [as oncomplete] (net.js:1083:14)
errno: "ECONNREFUSED"
code: "ECONNREFUSED"
syscall: "connect"
address: "127.0.0.1"
port: 6379
name: "ECONNREFUSEDError"
pid: 8258
hostname: localhost.localdomain

2019-04-15 10:48:15,821 INFO 8258 [egg-watcher:application] watcher start success
2019-04-15 10:48:15,844 ERROR 8258 [egg-redis] client error: Error: connect ECONNREFUSED 127.0.0.1:6379
2019-04-15 10:48:15,844 ERROR 8258 nodejs.ECONNREFUSEDError: connect ECONNREFUSED 127.0.0.1:6379
    at TCPConnectWrap.afterConnect [as oncomplete] (net.js:1083:14)
errno: "ECONNREFUSED"
code: "ECONNREFUSED"
syscall: "connect"
address: "127.0.0.1"
port: 6379
name: "ECONNREFUSEDError"
pid: 8258
hostname: localhost.localdomain

2019-04-15 10:48:15,946 ERROR 8258 [egg-redis] client error: Error: connect ECONNREFUSED 127.0.0.1:6379
2019-04-15 10:48:15,946 ERROR 8258 nodejs.ECONNREFUSEDError: connect ECONNREFUSED 127.0.0.1:6379
    at TCPConnectWrap.afterConnect [as oncomplete] (net.js:1083:14)
errno: "ECONNREFUSED"
code: "ECONNREFUSED"
syscall: "connect"
address: "127.0.0.1"
port: 6379
name: "ECONNREFUSEDError"
pid: 8258
hostname: localhost.localdomain

2019-04-15 10:48:16,099 ERROR 8258 [egg-redis] client error: Error: connect ECONNREFUSED 127.0.0.1:6379
2019-04-15 10:48:16,100 ERROR 8258 nodejs.ECONNREFUSEDError: connect ECONNREFUSED 127.0.0.1:6379
    at TCPConnectWrap.afterConnect [as oncomplete] (net.js:1083:14)
errno: "ECONNREFUSED"
code: "ECONNREFUSED"
syscall: "connect"
address: "127.0.0.1"
port: 6379
name: "ECONNREFUSEDError"
pid: 8258
hostname: localhost.localdomain

2019-04-15 10:48:16,304 ERROR 8258 [egg-redis] client error: Error: connect ECONNREFUSED 127.0.0.1:6379
2019-04-15 10:48:16,305 ERROR 8258 nodejs.ECONNREFUSEDError: connect ECONNREFUSED 127.0.0.1:6379
    at TCPConnectWrap.afterConnect [as oncomplete] (net.js:1083:14)
errno: "ECONNREFUSED"
code: "ECONNREFUSED"
syscall: "connect"
address: "127.0.0.1"
port: 6379
name: "ECONNREFUSEDError"
pid: 8258
hostname: localhost.localdomain

2019-04-15 10:48:16,560 ERROR 8258 [egg-redis] client error: Error: connect ECONNREFUSED 127.0.0.1:6379
2019-04-15 10:48:16,561 ERROR 8258 nodejs.ECONNREFUSEDError: connect ECONNREFUSED 127.0.0.1:6379
    at TCPConnectWrap.afterConnect [as oncomplete] (net.js:1083:14)
errno: "ECONNREFUSED"
code: "ECONNREFUSED"
syscall: "connect"
address: "127.0.0.1"
port: 6379
name: "ECONNREFUSEDError"
pid: 8258
hostname: localhost.localdomain

2019-04-15 10:48:16,864 ERROR 8258 [egg-redis] client error: Error: connect ECONNREFUSED 127.0.0.1:6379
2019-04-15 10:48:16,865 ERROR 8258 nodejs.ECONNREFUSEDError: connect ECONNREFUSED 127.0.0.1:6379
    at TCPConnectWrap.afterConnect [as oncomplete] (net.js:1083:14)
errno: "ECONNREFUSED"
code: "ECONNREFUSED"
syscall: "connect"
address: "127.0.0.1"
port: 6379
name: "ECONNREFUSEDError"
pid: 8258
hostname: localhost.localdomain

2019-04-15 10:48:17,216 ERROR 8258 [egg-redis] client error: Error: connect ECONNREFUSED 127.0.0.1:6379
2019-04-15 10:48:17,216 ERROR 8258 nodejs.ECONNREFUSEDError: connect ECONNREFUSED 127.0.0.1:6379
    at TCPConnectWrap.afterConnect [as oncomplete] (net.js:1083:14)
errno: "ECONNREFUSED"
code: "ECONNREFUSED"
syscall: "connect"
address: "127.0.0.1"
port: 6379
name: "ECONNREFUSEDError"
pid: 8258
hostname: localhost.localdomain

2019-04-15 10:48:17,626 ERROR 8258 [egg-redis] client error: Error: connect ECONNREFUSED 127.0.0.1:6379
2019-04-15 10:48:17,626 ERROR 8258 nodejs.ECONNREFUSEDError: connect ECONNREFUSED 127.0.0.1:6379
    at TCPConnectWrap.afterConnect [as oncomplete] (net.js:1083:14)
errno: "ECONNREFUSED"
code: "ECONNREFUSED"
syscall: "connect"
address: "127.0.0.1"
port: 6379
name: "ECONNREFUSEDError"
pid: 8258
hostname: localhost.localdomain

2019-04-15 10:48:18,078 ERROR 8258 [egg-redis] client error: Error: connect ECONNREFUSED 127.0.0.1:6379
2019-04-15 10:48:18,079 ERROR 8258 nodejs.ECONNREFUSEDError: connect ECONNREFUSED 127.0.0.1:6379
    at TCPConnectWrap.afterConnect [as oncomplete] (net.js:1083:14)
errno: "ECONNREFUSED"
code: "ECONNREFUSED"
syscall: "connect"
address: "127.0.0.1"
port: 6379
name: "ECONNREFUSEDError"
pid: 8258
hostname: localhost.localdomain

2019-04-15 10:48:18,581 ERROR 8258 [egg-redis] client error: Error: connect ECONNREFUSED 127.0.0.1:6379
2019-04-15 10:48:18,582 ERROR 8258 nodejs.ECONNREFUSEDError: connect ECONNREFUSED 127.0.0.1:6379
    at TCPConnectWrap.afterConnect [as oncomplete] (net.js:1083:14)
errno: "ECONNREFUSED"
code: "ECONNREFUSED"
syscall: "connect"
address: "127.0.0.1"
port: 6379
name: "ECONNREFUSEDError"
pid: 8258
hostname: localhost.localdomain

2019-04-15 10:48:19,141 ERROR 8258 [egg-redis] client error: Error: connect ECONNREFUSED 127.0.0.1:6379
2019-04-15 10:48:19,141 ERROR 8258 nodejs.ECONNREFUSEDError: connect ECONNREFUSED 127.0.0.1:6379
    at TCPConnectWrap.afterConnect [as oncomplete] (net.js:1083:14)
errno: "ECONNREFUSED"
code: "ECONNREFUSED"
syscall: "connect"
address: "127.0.0.1"
port: 6379
name: "ECONNREFUSEDError"
pid: 8258
hostname: localhost.localdomain

2019-04-15 10:48:19,744 ERROR 8258 [egg-redis] client error: Error: connect ECONNREFUSED 127.0.0.1:6379
2019-04-15 10:48:19,745 ERROR 8258 nodejs.ECONNREFUSEDError: connect ECONNREFUSED 127.0.0.1:6379
    at TCPConnectWrap.afterConnect [as oncomplete] (net.js:1083:14)
errno: "ECONNREFUSED"
code: "ECONNREFUSED"
syscall: "connect"
address: "127.0.0.1"
port: 6379
name: "ECONNREFUSEDError"
pid: 8258
hostname: localhost.localdomain

2019-04-15 10:48:20,398 ERROR 8258 [egg-redis] client error: Error: connect ECONNREFUSED 127.0.0.1:6379
2019-04-15 10:48:20,400 ERROR 8258 nodejs.ECONNREFUSEDError: connect ECONNREFUSED 127.0.0.1:6379
    at TCPConnectWrap.afterConnect [as oncomplete] (net.js:1083:14)
errno: "ECONNREFUSED"
code: "ECONNREFUSED"
syscall: "connect"
address: "127.0.0.1"
port: 6379
name: "ECONNREFUSEDError"
pid: 8258
hostname: localhost.localdomain

2019-04-15 10:48:21,102 ERROR 8258 [egg-redis] client error: Error: connect ECONNREFUSED 127.0.0.1:6379
2019-04-15 10:48:21,103 ERROR 8258 nodejs.ECONNREFUSEDError: connect ECONNREFUSED 127.0.0.1:6379
    at TCPConnectWrap.afterConnect [as oncomplete] (net.js:1083:14)
errno: "ECONNREFUSED"
code: "ECONNREFUSED"
syscall: "connect"
address: "127.0.0.1"
port: 6379
name: "ECONNREFUSEDError"
pid: 8258
hostname: localhost.localdomain

2019-04-15 10:48:21,855 ERROR 8258 [egg-redis] client error: Error: connect ECONNREFUSED 127.0.0.1:6379
2019-04-15 10:48:21,856 ERROR 8258 nodejs.ECONNREFUSEDError: connect ECONNREFUSED 127.0.0.1:6379
    at TCPConnectWrap.afterConnect [as oncomplete] (net.js:1083:14)
errno: "ECONNREFUSED"
code: "ECONNREFUSED"
syscall: "connect"
address: "127.0.0.1"
port: 6379
name: "ECONNREFUSEDError"
pid: 8258
hostname: localhost.localdomain

2019-04-15 10:48:22,659 ERROR 8258 [egg-redis] client error: Error: connect ECONNREFUSED 127.0.0.1:6379
2019-04-15 10:48:22,660 ERROR 8258 nodejs.ECONNREFUSEDError: connect ECONNREFUSED 127.0.0.1:6379
    at TCPConnectWrap.afterConnect [as oncomplete] (net.js:1083:14)
errno: "ECONNREFUSED"
code: "ECONNREFUSED"
syscall: "connect"
address: "127.0.0.1"
port: 6379
name: "ECONNREFUSEDError"
pid: 8258
hostname: localhost.localdomain

2019-04-15 10:48:23,513 ERROR 8258 [egg-redis] client error: Error: connect ECONNREFUSED 127.0.0.1:6379
2019-04-15 10:48:23,514 ERROR 8258 nodejs.ECONNREFUSEDError: connect ECONNREFUSED 127.0.0.1:6379
    at TCPConnectWrap.afterConnect [as oncomplete] (net.js:1083:14)
errno: "ECONNREFUSED"
code: "ECONNREFUSED"
syscall: "connect"
address: "127.0.0.1"
port: 6379
name: "ECONNREFUSEDError"
pid: 8258
hostname: localhost.localdomain

2019-04-15 10:48:24,420 ERROR 8258 [egg-redis] client error: Error: connect ECONNREFUSED 127.0.0.1:6379
2019-04-15 10:48:24,421 ERROR 8258 nodejs.ECONNREFUSEDError: connect ECONNREFUSED 127.0.0.1:6379
    at TCPConnectWrap.afterConnect [as oncomplete] (net.js:1083:14)
errno: "ECONNREFUSED"
code: "ECONNREFUSED"
syscall: "connect"
address: "127.0.0.1"
port: 6379
name: "ECONNREFUSEDError"
pid: 8258
hostname: localhost.localdomain

2019-04-15 10:48:25,372 ERROR 8258 [egg-redis] client error: Error: connect ECONNREFUSED 127.0.0.1:6379
2019-04-15 10:48:25,373 ERROR 8258 nodejs.ECONNREFUSEDError: connect ECONNREFUSED 127.0.0.1:6379
    at TCPConnectWrap.afterConnect [as oncomplete] (net.js:1083:14)
errno: "ECONNREFUSED"
code: "ECONNREFUSED"
syscall: "connect"
address: "127.0.0.1"
port: 6379
name: "ECONNREFUSEDError"
pid: 8258
hostname: localhost.localdomain

2019-04-15 10:48:26,380 INFO 8258 [egg-redis] client connect success
2019-04-15 10:48:26,415 INFO 8258 [egg-redis] instance[0] status OK, redis server currentTime: Mon Apr 15 2019 10:48:26 GMT+0100 (British Summer Time)
2019-04-15 10:48:26,476 INFO 8258 [egg:core] dump config after ready, 50ms
2019-04-15 10:48:49,340 INFO 8258 [egg-view-nunjucks] loading templates from ["/vagrant_data/nodeworks/egg-ifram_1/app/view"]
2019-04-15 10:50:21,608 INFO 8349 [egg:logger] init all loggers with options: {"dir":"/vagrant_data/nodeworks/egg-ifram_1/logs/ifram","encoding":"utf8","env":"local","level":"INFO","consoleLevel":"INFO","disableConsoleAfterReady":false,"outputJSON":false,"buffer":true,"appLogName":"ifram-web.log","coreLogName":"egg-web.log","agentLogName":"egg-agent.log","errorLogName":"common-error.log","coreLogger":{"consoleLevel":"WARN"},"allowDebugAtProd":false,"type":"application"}
2019-04-15 10:50:21,691 INFO 8349 [egg-multipart] stream mode enable
2019-04-15 10:50:22,081 INFO 8349 [egg-redis] server connecting redis://:***@127.0.0.1:6379/0
2019-04-15 10:50:23,437 INFO 8349 [egg-static] starting static serve / -> /vagrant_data/nodeworks/egg-ifram_1/app/public
2019-04-15 10:50:23,447 INFO 8349 [egg-security] use csrf middleware
2019-04-15 10:50:23,453 INFO 8349 [egg-security] use methodnoallow middleware
2019-04-15 10:50:23,455 INFO 8349 [egg-security] use noopen middleware
2019-04-15 10:50:23,460 INFO 8349 [egg-security] use nosniff middleware
2019-04-15 10:50:23,462 INFO 8349 [egg-security] use xssProtection middleware
2019-04-15 10:50:23,464 INFO 8349 [egg-security] use xframe middleware
2019-04-15 10:50:23,467 INFO 8349 [egg-security] use dta middleware
2019-04-15 10:50:23,467 INFO 8349 [egg-security] compose 7 middlewares into one security middleware
2019-04-15 10:50:23,575 INFO 8349 [egg:core] dump config after load, 10ms
2019-04-15 10:50:23,596 INFO 8349 [egg-redis] client connect success
2019-04-15 10:50:23,634 INFO 8349 [egg-watcher:application] watcher start success
2019-04-15 10:50:23,661 INFO 8349 [egg-redis] instance[0] status OK, redis server currentTime: Mon Apr 15 2019 10:50:23 GMT+0100 (British Summer Time)
2019-04-15 10:50:23,691 INFO 8349 [egg:core] dump config after ready, 10ms
2019-04-15 10:50:42,436 INFO 8349 [egg-view-nunjucks] loading templates from ["/vagrant_data/nodeworks/egg-ifram_1/app/view"]
2019-04-15 11:00:29,516 INFO 8472 [egg:logger] init all loggers with options: {"dir":"/vagrant_data/nodeworks/egg-ifram_1/logs/ifram","encoding":"utf8","env":"local","level":"INFO","consoleLevel":"INFO","disableConsoleAfterReady":false,"outputJSON":false,"buffer":true,"appLogName":"ifram-web.log","coreLogName":"egg-web.log","agentLogName":"egg-agent.log","errorLogName":"common-error.log","coreLogger":{"consoleLevel":"WARN"},"allowDebugAtProd":false,"type":"application"}
2019-04-15 11:00:29,604 INFO 8472 [egg-multipart] stream mode enable
2019-04-15 11:00:29,974 INFO 8472 [egg-redis] server connecting redis://:***@127.0.0.1:6379/0
2019-04-15 11:00:31,385 INFO 8472 [egg-static] starting static serve / -> /vagrant_data/nodeworks/egg-ifram_1/app/public
2019-04-15 11:00:31,396 INFO 8472 [egg-security] use csrf middleware
2019-04-15 11:00:31,402 INFO 8472 [egg-security] use methodnoallow middleware
2019-04-15 11:00:31,404 INFO 8472 [egg-security] use noopen middleware
2019-04-15 11:00:31,417 INFO 8472 [egg-security] use nosniff middleware
2019-04-15 11:00:31,419 INFO 8472 [egg-security] use xssProtection middleware
2019-04-15 11:00:31,421 INFO 8472 [egg-security] use xframe middleware
2019-04-15 11:00:31,423 INFO 8472 [egg-security] use dta middleware
2019-04-15 11:00:31,423 INFO 8472 [egg-security] compose 7 middlewares into one security middleware
2019-04-15 11:00:31,523 INFO 8472 [egg:core] dump config after load, 8ms
2019-04-15 11:00:31,547 INFO 8472 [egg-redis] client connect success
2019-04-15 11:00:31,618 INFO 8472 [egg-redis] instance[0] status OK, redis server currentTime: Mon Apr 15 2019 11:00:31 GMT+0100 (British Summer Time)
2019-04-15 11:00:31,629 INFO 8472 [egg-watcher:application] watcher start success
2019-04-15 11:00:31,666 INFO 8472 [egg:core] dump config after ready, 11ms
2019-04-15 11:01:23,041 INFO 8578 [egg:logger] init all loggers with options: {"dir":"/vagrant_data/nodeworks/egg-ifram_1/logs/ifram","encoding":"utf8","env":"local","level":"INFO","consoleLevel":"INFO","disableConsoleAfterReady":false,"outputJSON":false,"buffer":true,"appLogName":"ifram-web.log","coreLogName":"egg-web.log","agentLogName":"egg-agent.log","errorLogName":"common-error.log","coreLogger":{"consoleLevel":"WARN"},"allowDebugAtProd":false,"type":"application"}
2019-04-15 11:01:23,127 INFO 8578 [egg-multipart] stream mode enable
2019-04-15 11:01:23,518 INFO 8578 [egg-redis] server connecting redis://:***@127.0.0.1:6379/0
2019-04-15 11:01:25,049 INFO 8578 [egg-static] starting static serve / -> /vagrant_data/nodeworks/egg-ifram_1/app/public
2019-04-15 11:01:25,061 INFO 8578 [egg-security] use csrf middleware
2019-04-15 11:01:25,067 INFO 8578 [egg-security] use methodnoallow middleware
2019-04-15 11:01:25,069 INFO 8578 [egg-security] use noopen middleware
2019-04-15 11:01:25,075 INFO 8578 [egg-security] use nosniff middleware
2019-04-15 11:01:25,078 INFO 8578 [egg-security] use xssProtection middleware
2019-04-15 11:01:25,080 INFO 8578 [egg-security] use xframe middleware
2019-04-15 11:01:25,082 INFO 8578 [egg-security] use dta middleware
2019-04-15 11:01:25,082 INFO 8578 [egg-security] compose 7 middlewares into one security middleware
2019-04-15 11:01:25,186 INFO 8578 [egg:core] dump config after load, 10ms
2019-04-15 11:01:25,208 INFO 8578 [egg-redis] client connect success
2019-04-15 11:01:25,241 INFO 8578 [egg-watcher:application] watcher start success
2019-04-15 11:01:25,266 INFO 8578 [egg-redis] instance[0] status OK, redis server currentTime: Mon Apr 15 2019 11:01:25 GMT+0100 (British Summer Time)
2019-04-15 11:01:25,298 INFO 8578 [egg:core] dump config after ready, 12ms
2019-04-15 11:01:28,361 INFO 8578 [egg-view-nunjucks] loading templates from ["/vagrant_data/nodeworks/egg-ifram_1/app/view"]
2019-04-15 11:14:49,038 INFO 8713 [egg:logger] init all loggers with options: {"dir":"/vagrant_data/nodeworks/egg-ifram_1/logs/ifram","encoding":"utf8","env":"local","level":"INFO","consoleLevel":"INFO","disableConsoleAfterReady":false,"outputJSON":false,"buffer":true,"appLogName":"ifram-web.log","coreLogName":"egg-web.log","agentLogName":"egg-agent.log","errorLogName":"common-error.log","coreLogger":{"consoleLevel":"WARN"},"allowDebugAtProd":false,"type":"application"}
2019-04-15 11:14:49,123 INFO 8713 [egg-multipart] stream mode enable
2019-04-15 11:14:49,511 INFO 8713 [egg-redis] server connecting redis://:***@127.0.0.1:6379/0
2019-04-15 11:14:50,988 INFO 8713 [egg-static] starting static serve / -> /vagrant_data/nodeworks/egg-ifram_1/app/public
2019-04-15 11:14:50,998 INFO 8713 [egg-security] use csrf middleware
2019-04-15 11:14:51,005 INFO 8713 [egg-security] use methodnoallow middleware
2019-04-15 11:14:51,008 INFO 8713 [egg-security] use noopen middleware
2019-04-15 11:14:51,015 INFO 8713 [egg-security] use nosniff middleware
2019-04-15 11:14:51,017 INFO 8713 [egg-security] use xssProtection middleware
2019-04-15 11:14:51,019 INFO 8713 [egg-security] use xframe middleware
2019-04-15 11:14:51,021 INFO 8713 [egg-security] use dta middleware
2019-04-15 11:14:51,021 INFO 8713 [egg-security] compose 7 middlewares into one security middleware
2019-04-15 11:14:51,122 INFO 8713 [egg:core] dump config after load, 8ms
2019-04-15 11:14:51,145 INFO 8713 [egg-redis] client connect success
2019-04-15 11:14:51,166 INFO 8713 [egg-watcher:application] watcher start success
2019-04-15 11:14:51,177 INFO 8713 [egg-redis] instance[0] status OK, redis server currentTime: Mon Apr 15 2019 11:14:51 GMT+0100 (British Summer Time)
2019-04-15 11:14:51,219 INFO 8713 [egg:core] dump config after ready, 17ms
